<?xml version="1.0" encoding="UTF-8"?>
<!-- Generated by org.testng.reporters.JUnitReportReporter -->
<testsuite hostname="oguzhans-MacBook-Pro.local" failures="0" tests="2" name="LoginTest" time="11.814" errors="0" timestamp="2025-03-08T10:48:44 GMT+03:00" skipped="0">
  <testcase classname="LoginTest" name="loginUnsuccessful" time="5.726"/>
  <testcase classname="LoginTest" name="loginSuccessful" time="6.088"/>
</testsuite> <!-- LoginTest -->
